2529.00 1
82.00 1
59.00 0
33.00 0
64.00 1
33.00 1
89.00 1
59.00 0
33.00 0
122.00 1
53.15736.00 1
81.00 1
59.00 0
33.00 0
65.00 1
33.00 1
88.00 1
59.00 0
64.00 1
44544.00 1
24.00 1
33.00 1
58.00 0
64.00 1
33.00 1
33.00 1
88.00 1
78.00 1
7467.00 1
27.00 1
33.00 1
58.00 0
64.00 1
32.00 1
33.00 1
88.00 1
52.00 0
68.00 1
17363.00 1
25.00 1
59.00 0
33.00 0
33.00 0
65.00 1
32.00 1
90.00 1
52.00 0
40.00 0
36746.00 1
81.00 1
59.00 0
33.00 0
65.00 1
33.00 1
89.00 1
59.00 0
64.00 1
121.00 1
53.00 1
9.00 0
27.00 1
41.00 0
29.00 0
12.00 0
58.00 0
16.00 1
3.00 0
44844.00 1
81.00 1
59.00 0
33.00 0
65.00 1
33.00 1
89.00 1
59.00 0
63.00 1
6551.00 1
27.00 1
33.00 1
59.00 0
63.00 1
33.00 1
33.00 1
88.00 1
53.00 0
7525.00 1
27.00 1
33.00 1
59.00 0
64.00 1
32.00 1
33.00 1
88.00 1
53.00 0
39.00 0
17731.00 1
25.00 1
58.00 0
34.00 0
33.00 0
64.00 1
33.00 1
89.00 1
51.00 0
39.00 0
32671.00 1
81.00 1
59.00 0
34.00 0
64.00 1
33.00 1
89.00 1
59.00 0
64.00 1
122.00 1
53.00 1
10.00 0
52.00 0
70.00 1
274.00 1
41.00 1
29.00 1
12.00 0
58.00 1
34729.00 1
24.00 1
33.00 1
58.00 0
64.00 1
33.00 1
32.00 1
89.00 1
79.00 1
5816.00 1
28.00 1
33.00 1
58.00 0
64.00 1
32.00 1
33.00 1
88.00 1
54.00 0
39.00 0
19823.00 1
25.00 1
59.00 0
33.00 0
34.00 0
63.00 1
33.00 1
2.00 0
53.00 0
14.00 1
28649.00 1
24.00 1
59.00 0
34.00 0
33.00 0
64.00 1
33.00 1
89.00 1
51.00 0
229.00 1
53.00 1
41.00 1
81.00 1
70.00 1
274.00 1
41.00 1
29.00 1
49645.00 1
81.00 1
59.00 0
34.00 0
64.00 1
32.00 1
89.00 1
60.00 0
63.00 1
27726.00 1
25.00 1
32.00 1
59.00 0
64.00 1
32.00 1
33.00 1
88.00 1
79.00 1
7466.00 1
27.00 1
33.00 1
58.00 0
64.00 1
33.00 1
33.00 1
88.00 1
53.00 0
18219.00 1
25.00 1
59.00 0
33.00 0
34.00 0
64.00 1
33.00 1
88.00 1
51.00 0
39.00 0
88845.00 1
25.00 1
59.00 0
33.00 0
34.00 0
64.00 1
33.00 1
88.00 1
52.00 0
229.00 1
54.00 1
41.00 1
51.00 0
39.00 0
54.00 1
42.00 1
50271.00 1
81.00 1
59.00 0
33.00 0
64.00 1
33.00 1
90.00 1
59.00 0
64.00 1
11888.00 1
25.00 1
32.00 1
58.00 0
64.00 1
33.00 1
33.00 1
88.00 1
78.00 1
5817.00 1
27.00 1
33.00 1
58.00 0
64.00 1
33.00 1
32.00 1
89.00 1
52.00 0
18740.00 1
25.00 1
59.00 0
33.00 0
34.00 0
64.00 1
32.00 1
89.00 1
52.00 0
40.00 0
28489.00 1
25.00 1
59.00 0
33.00 0
34.00 0
64.00 1
33.00 1
89.00 1
51.00 0
229.00 1
53.00 1
8.00 0
26.00 1
14.00 1
219.00 1
41.00 1
56.00 0
42865.00 1
24.00 1
33.00 1
58.00 0
64.00 1
33.00 1
32.00 1
89.00 1
78.00 1
4279.00 1
27.00 1
33.00 1
59.00 0
63.00 1
33.00 1
32.00 1
2.00 0
28.00 1
13.00 1
22432.00 1
25.00 1
59.00 0
33.00 0
34.00 0
64.00 1
33.00 1
88.00 1
52.00 0
40.00 0
32721.00 1
25.00 1
59.00 0
33.00 0
34.00 0
64.00 1
33.00 1
89.00 1
51.00 0
229.00 1
53.00 1
40.00 1
81.00 1
40.00 0
165.00 1
10.00 0
4