
0100011010010010000100100
0100011010010010100100101
0100011010010010000010100
0100011010010010100010101
0100011010010010010010101
0100011010010010110010100
0100011010010010001010101
0100011010010010101010100
0100011010010010011010100
0100011010010010111010101
0100011010010010000110101
0100011010010010100110100
0100011010000010010101000110100100100
0100011010010010101
0100011010010010011
0100011010010010110
010001101001001000101
010001101001001010100
010001101001001001100
010001101001001011101
010001101001001000011
010001101001001010010
01000110100100100000101
01000110100100101000100
01000110100100100100100
01000110100100101100101
01000110100100100010100
01000110100100101010101
01000110100100100110101
01000110100100101110100
01000110100100100001100
01000110100100101001101
01000110100100100000011
01000110100100101000010
01000110100100100100010
01000110100100101100011
01000110100100100010010
01000110100100101010011
01000110100100100110011
01000110100100101110010
01000110100100100001010
01000110100100101001011
01000110100100100000110
01000110100100101000111
01000110100100100100111
01000110100100101100110
01000110100100100010111
01000110100100101010110
01000110100100100110110
01000110100100101110111
01000110100100100001111
01000110100100101001110
0100011010010010000000101
0100011010010010100000100
0100011010010010010000100
0100011010010010110000101
0100011010010010001000100
0100011010010010101000101
0100011010010010011000101
0100011010010010111000100
0100011010010010000100100
0100011010010010100100101
0100011010010010000010100
0100011010010010100010101
0100011010010010010010101
0100011010010010110010100
0100011010010010001010101
0100011010010010101010100
0100011010010010011010100
0100011010010010111010101
0100011010010010000110101
0100011010010010100110100
0100011010000010111101000110100100100
0100011010010010101
0100011010010010011
0100011010010010110
010001101001001000101
010001101001001010100
010001101001001001100
010001101001001011101
010001101001001000011
010001101001001010010
01000110100100100000101
01000110100100101000100
01000110100100100100100
01000110100100101100101
01000110100100100010100
01000110100100101010101
01000110100100100110101
01000110100100101110100
01000110100100100001100
01000110100100101001101
01000110100100100000011
01000110100100101000010
01000110100100100100010
01000110100100101100011
01000110100100100010010
01000110100100101010011
01000110100100100110011
01000110100100101110010
01000110100100100001010
01000110100100101001011
01000110100100100000110
01000110100100101000111
01000110100100100100111
01000110100100101100110
01000110100100100010111
01000110100100101010110
01000110100100100110110
01000110100100101110111
01000110100100100001111
01000110100100101001110
0100011010010010000000101
0100011010010010100000100
0100011010010010010000100
0100011010010010110000101
0100011010010010001000100
0100011010010010101000101
0100011010010010011000101
0100011010010010111000100
0100011010010010000100100
0100011010010010100100101
0100011010010010000010100
0100011010010010100010101
0100011010010010010010101
0100011010010010110010100
0100011010010010001010101
0100011010010010101010100
0100011010010010011010100
0100011010010010111010101
0100011010010010000110101
0100011010010010100110100
010001101000001000100101000110100100100
0100011010010010101
0100011010010010011
0100011010010010110
010001101001001000101
010001101001001010100
010001101001001001100
010001101001001011101
010001101001001000011
010001101001001010010
01000110100100100000101
01000110100100101000100
01000110100100100100100
01000110100100101100101
01000110100100100010100
01000110100100101010101
01000110100100100110101
01000110100100101110100
01000110100100100001100
01000110100100101001101
01000110100100100000011
01000110100100101000010
01000110100100100100010
01000110100100101100011
01000110100100100010010
01000110100100101010011
01000110100100100110011
01000110100100101110010
01000110100100100001010
01000110100100101001011
01000110100100100000110
01000110100100101000111
01000110100100100100111
01000110100100101100110
01000110100100100010111
01000110100100101010110
01000110100100100110110
01000110100100101110111
01000110100100100001111
01000110100100101001110
0100011010010010000000101
0100011010010010100000100
0100011010010010010000100
0100011010010010110000101
0100011010010010001000100
0100011010010010101000101
0100011010010010011000101
0100011010010010111000100
0100011010010010000100100
0100011010010010100100101
0100011010010010000010100
0100011010010010100010101
0100011010010010010010101
0100011010010010110010100
0100011010010010001010101
0100011010010010101010100
0100011010010010011010100
0100011010010010111010101
0100011010010010000110101
0100011010010010100110100
010001101000001010101101000110100100100
0100011010010010101
0100011010010010011
0100011010010010110
010001101001001000101
010001101001001010100
010001101001001001100
010001101001001011101
010001101001001000011
010001101001001010010
01000110100100100000101
01000110100100101000100
01000110100100100100100
01000110100100101100101
01000110100100100010100
01000110100100101010101
01000110100100100110101
01000110100100101110100
01000110100100100001100
01000110100100101001101
01000110100100100000011
01000110100100101000010
01000110100100100100010
01000110100100101100011
01000110100100100010010
01000110100100101010011
01000110100100100110011
01000110100100101110010
01000110100100100001010
01000110100100101001011
01000110100100100000110
01000110100100101000111
01000110100100100100111
01000110100100101100110
01000110100100100010111
01000110100100101010110
01000110100100100110110
01000110100100101110111
01000110100100100001111
01000110100100101001110
0100011010010010000000101
0100011010010010100000100
0100011010010010010000100
0100011010010010110000101
0100011010010010001000100
0100011010010010101000101
0100011010010010011000101
0100011010010010111000100
0100011010010010000100100
0100011010010010100100101
0100011010010010000010100
0100011010010010100010101
0100011010010010010010101
0100011010010010110010100
0100011010010010001010101
0100011010010010101010100
0100011010010010011010100
0100011010010010111010101
0100011010010010000110101
0100011010010010100110100
010001101000001001101101000110100100100
0100011010010010101
0100011010010010011
0100011010010010110
010001101001001000101
010001101001001010100
010001101001001001100
010001101001001011101
010001101001001000011
010001101001001010010
01000110100100100000101
01000110100100101000100
01000110100100100100100
01000110100100101100101
01000110100100100010100
01000110100100101010101
01000110100100100110101
01000110100100101110100
01000110100100100001100
01000110100100101001101
01000110100100100000011
01000110100100101000010
01000110100011000010111000011010000001100101000110100000101101000110100100100
0100011010010010101
0100011010010010011
0100011010010010110
010001101001001000101
010001101001001010100
010001101001001001100
010001101001001011101
010001101001001000011
010001101001001010010
01000110100100100000101
01000110100100101000100
01000110100100100100100
01000110100100101100101
01000110100100100010100
01000110100100101010101
01000110100100100110101
01000110100100101110100
01000110100100100001100
01000110100100101001101
01000110100100100000011
01000110100100101000010
01000110100100100100010
01000110100100101100011
01000110100100100010010
01000110100100101010011
01000110100100100110011
01000110100100101110010
01000110100100100001010
01000110100100101001011
01000110100100100000110
01000110100100101000111
01000110100100100100111
01000110100100101100110
01000110100100100010111
01000110100100101010110
01000110100100100110110
01000110100100101110111
01000110100100100001111
01000110100100101001110
0100011010010010000000101
0100011010010010100000100
0100011010010010010000100
0100011010010010110000101
0100011010010010001000100
0100011010010010101000101
0100011010010010011000101
0100011010010010111000100
0100011010010010000100100
0100011010010010100100101
0100011010010010000010100
0100011010010010100010101
0100011010010010010010101
0100011010010010110010100
0100011010010010001010101
0100011010010010101010100
0100011010010010011010100
0100011010010010111010101
0100011010010010000110101
0100011010010010100110100
0100011010000010100101000110100100100
0100011010010010101
0100011010010010011
0100011010010010110
010001101001001000101
010001101001001010100
010001101001001001100
010001101001001011101
010001101001001000011
010001101001001010010
01000110100100100000101
01000110100100101000100
01000110100100100100100
01000110100100101100101
01000110100100100010100
01000110100100101010101
01000110100100100110101
01000110100100101110100
01000110100100100001100
01000110100100101001101
01000110100100100000011
01000110100100101000010
01000110100100100100010
01000110100100101100011
01000110100100100010010
01000110100100101010011
01000110100100100110011
01000110100100101110010
01000110100100100001010
01000110100100101001011
01000110100100100000110
01000110100100101000111
01000110100100100100111
01000110100100101100110
01000110100100100010111
01000110100100101010110
01000110100100100110110
01000110100100101110111
01000110100100100001111
01000110100100101001110
0100011010010010000000101
0100011010010010100000100
0100011010010010010000100
0100011010010010110000101
0100011010010010001000100
0100011010010010101000101
0100011010010010011000101
0100011010010010111000100
0100011010010010000100100
0100011010010010100100101
0100011010010010000010100
0100011010010010100010101
0100011010010010010010101
0100011010010010110010100
0100011010010010001010101
0100011010010010101010100
0100011010010010011010100
0100011010010010111010101
0100011010010010000110101
0100011010010010100110100
0100011010000010010101000110100100100
0100011010010010101
0100011010010010011
0100011010010010110
010001101001001000101
010001101001001010100
010001101001001001100
010001101001001011101
010001101001001000011
010001101001001010010
01000110100100101010011
01000110100100100110011
01000110100100101110010
01000110100100100001010
01000110100100101001011
01000110100100100000110
01000110100100101000111
01000110100100100100111
01000110100100101100110
01000110100100100010111
01000110100100101010110
01000110100100100110110
01000110100100101110111
01000110100100100001111
01000110100100101001110
0100011010010010000000101
0100011010010010100000100
0100011010010010010000100
0100011010010010110000101
0100011010010010001000100
0100011010010010101000101
0100011010010010011000101
0100011010010010111000100
0100011010010010000100100
0100011010010010100100101
0100011010010010000010100
0100011010010010100010101
0100011010010010010010101
0100011010010010110010100
0100011010010010001010101
0100011010010010101010100
0100011010010010011010100
0100011010010010111010101
0100011010010010000110101
0100011010010010100110100
010001101000001010101101000110100100100
0100011010010010101
0100011010010010011
0100011010010010110
010001101001001000101
010001101001001010100
010001101001001001100
010001101001001011101
010001101001001000011
010001101001001010010
01000110100100100000101
01000110100100101000100
01000110100100100100100
01000110100100101100101
01000110100100100010100
01000110100100101010101
01000110100100100110101
01000110100100101110100
01000110100100100001100
01000110100100101001101
01000110100100100000011
01000110100100101000010
01000110100100100100010
01000110100100101100011
01000110100100100010010
01000110100100101010011
01000110100100100110011
01000110100100101110010
01000110100100100001010
01000110100100101001011
01000110100100100000110
01000110100100101000111
01000110100100100100111
01000110100100101100110
01000110100100100010111
01000110100100101010110
01000110100100100110110
01000110100100101110111
01000110100100100001111
01000110100100101001110
0100011010010010000000101
01000110100011010010011000011010000001100101000110100000101101000110100100100
0100011010010010101
0100011010010010011
0100011010010010110
010001101001001000101
010001101001001010100
010001101001001001100
010001101001001011101
010001101001001000011
010001101001001010010
01000110100100100000101
01000110100100101000100
01000110100100100100100
01000110100100101100101
01000110100100100010100
01000110100100101010101
01000110100100100110101
01000110100100101110100
01000110100100100001100
01000110100100101001101
01000110100100100000011
01000110100100101000010
01000110100100100100010
01000110100100101100011
01000110100100100010010
01000110100100101010011
01000110100100100110011
01000110100100101110010
01000110100100100001010
01000110100100101001011
01000110100100100000110
01000110100100101000111
01000110100100100100111
01000110100100101100110
01000110100100100010111
01000110100100101010110
01000110100100100110110
01000110100100101110111
01000110100100100001111
01000110100100101001110
0100011010010010000000101
0100011010010010100000100
0100011010010010010000100
0100011010010010110000101
0100011010010010001000100
0100011010010010101000101
0100011010010010011000101
0100011010010010111000100
0100011010010010000100100
0100011010010010100100101
0100011010010010000010100
0100011010010010100010101
0100011010010010010010101
0100011010010010110010100
0100011010010010001010101
0100011010010010101010100
0100011010010010011010100
0100011010010010111010101
0100011010010010000110101
0100011010010010100110100
0100011010000010100101000110100100100
0100011010010010101
0100011010010010011
0100011010010010110
010001101001001000101
010001101001001010100
010001101001001001100
010001101001001011101
010001101001001000011
010001101001001010010
01000110100100100000101
01000110100100101000100
01000110100100100100100
01000110100100101100101
01000110100100100010100
01000110100100101010101
01000110100100100110101
01000110100100101110100
01000110100100100001100
01000110100100101001101
01000110100100100000011
01000110100100101000010
01000110100100100100010
01000110100100101100011
01000110100100100010010
01000110100100101010011
01000110100100100110011
01000110100100101110010
01000110100100100001010
01000110100100101001011
01000110100100100000110
01000110100100101000111
01000110100100100100111
01000110100100101100110
01000110100100100010111
01000110100100101010110
01000110100100100110110
01000110100100101110111
01000110100100100001111
01000110100100101001110
0100011010010010000000101
0100011010010010100000100
0100011010010010010000100
0100011010010010110000101
1100111010011
11001110100011010000100
100001101000000100100
10000110100000011001010001101000110000011101000110100000101101000110100100100
0100011010010010101
0100011010010010011
0100011010010010110
010001101001001000101
010001101001001010100
010001101001001001100
010001101001001011101
010001101001001000011
010001101001001010010
01000110100100100000101
01000110100100101000100
01000110100100100100100
01000110100100101100101
01000110100100100010100
01000110100100101010101
01000110100100100110101
01000110100100101110100
01000110100100100001100
01000110100100101001101
01000110100100100000011
01000110100100101000010
01000110100100100100010
01000110100100101100011
01000110100100100010010
01000110100100101010011
01000110100100100110011
01000110100100101110010
01000110100100100001010
01000110100100101001011
01000110100100100000110
01000110100100101000111
01000110100100100100111
01000110100100101100110
01000110100100100010111
01000110100100101010110
01000110100100100110110
01000110100100101110111
01000110100100100001111
01000110100100101001110
0100011010010010000000101
0100011010010010100000100
0100011010010010010000100
0100011010010010110000101
0100011010010010001000100
0100011010010010101000101
0100011010010010011000101
0100011010010010111000100
0100011010010010000100100
0100011010010010100100101
0100011010010010000010100
0100011010010010100010101
0100011010010010010010101
0100011010010010110010100
0100011010010010001010101
0100011010010010101010100
0100011010010010011010100
0100011010010010111010101
0100011010010010000110101
0100011010010010100110100
0100011010000010100101000110100100100
0100011010010010101
0100011010010010011
0100011010010010110
010001101001001000101
010001101001001010100
010001101001001001100
010001101001001011101
010001101001001000011
010001101001001010010
01000110100100100000101
01000110100100101000100
01000110100100100100100
01000110100100101100101
01000110100100100010100
01000110100100101010101
01000110100100100110101
01000110100100101110100
01000110100100100001100
01000110100100101001101
01000110100100100000011
01000110100100101000010
01000110100100100100010
01000110100100101100011
01000110100100100010010
01000110100100101010011
01000110100100100110011
01000110100100101110010
01000110100100100001010
01000110100100101001011
01000110100100100000110
01000110100100101000111
01000110100100100100111
01000110100100101100110
01000110100100100010111
01000110100100101010110
01000110100100100110110
01000110100100101110111
01000110100100100001111
01000110100100101001110
0100011010010010000000101
0100011010010010100000100
0100011010010010010000100
0100011010010010110000101
0100011010010010001000100
0100011010010010101000101
0100011010010010011000101
0100011010010010111000100
0100011010010010000100100
0100011010010010100100101
0100011010010010000010100
0100011010010010100010101
0100011010010010010010101
0100011010010010110010100
0100011010010010001010101
0100011010010010101010100
0100011010010010011010100
0100011010010010111010101
0100011010010010000110101
0100011010010010100110100
0100011010000010010101000110100100100
0100011010010010101
0100011010010010011
0100011010010010110
010001101001001000101
010001101001001010100
010001101001001001100
010001101001001011101
010001101001001000011
010001101001001010010
01000110100100100000101
01000110100100101000100
01000110100100100100100
01000110100100101100101
01000110100100100010100