10001101001001000101
010001101001001010100
010001101001001001100
010001101001001011101
0100011010010010000111010010010110
010001101001001000101
010001101001001010100
010001101001001001100
010001101001001011101
010001101001001000011
01000110100100101000100
11001110100001001001100001101000101
10000110100100011000100110000110100000011101000110100100101000100
01000110100100100100100
01000110100100101100101
01000110100100101010101
01000110100100100110101
01000110100100100001100
01000110100100101001101
01000110100100101000010
01000110100100100100010
01000110100100100010010
01000110100100101010011
01000110100100101110010
01000110100100100001010
01000110100100100000110
01000110100100101000111
01000110100100101100110
01000110100100101010110
1100111010000101101
01000110100100101010110
10000110100100011000100110000110100000011
0100011010010010000000101
0100011010010010001000100
0100011010010010000100100
0100011010010010110010100
0100011010010010111010101
0100011010000010100
11001110100
0100011010010010101001100001101001000100001011100001101000000110010100011010001100101101000110100000101001010001101001001010100
010001101001001001100
010001101001001011101