33378.00 1
81.00 1
59.00 0
34.00 0
64.00 1
33.00 1
89.00 1
59.00 0
64.00 1
70.00 1
3331.00 1
27.00 1
33.00 1
59.00 0
63.00 1
33.00 1
32.00 1
47.00 0
7519.00 1
28.00 1
32.00 1
59.00 0
64.00 1
32.00 1
33.00 1
89.00 1
53.00 0
12.00 0
20186.00 1
25.00 1
58.00 0
34.00 0
33.00 0
64.00 1
33.00 1
89.00 1
51.00 0
39.00 0
32775.00 1
25.00 1
58.00 0
34.00 0
33.00 0
64.00 1
33.00 1
89.00 1
51.00 0
229.00 1
53.00 1
41.00 1
81.00 1
39.00 0
164.00 1
9.00 0
57.00 0
13060.00 1
25.00 1
33.00 1
58.00 0
64.00 1
33.00 1
33.00 1
88.00 1
79.00 1
7411.00 1
27.00 1
33.00 1
58.00 0
64.00 1
33.00 1
33.00 1
88.00 1
52.00 0
20515.00 1
25.00 1
59.00 0
33.00 0
33.00 0
65.00 1
32.00 1
89.00 1
52.00 0
40.00 0
32721.00 1
25.00 1
59.00 0
33.00 0
33.00 0
64.00 1
33.00 1
89.00 1
52.00 0
229.00 1
53.00 1
10.00 0
82.00 1
40.00 0
165.00 1
10.00 0
10781.00 1
25.00 1
33.00 1
59.00 0
63.00 1
33.00 1
32.00 1
89.00 1
79.00 1
8982.00 1
27.00 1
33.00 1
58.00 0
64.00 1
32.00 1
33.00 1
89.00 1
53.00 0
17485.00 1
25.00 1
59.00 0
34.00 0
33.00 0
64.00 1
33.00 1
89.00 1
52.00 0
40.00 0
20179.00 1
25.00 1
58.00 0
34.00 0
33.00 0
65.00 1
32.00 1
89.00 1
52.00 0
230.00 1
53.00 1
41.00 1
52.00 0
40.00 0
54.00 1
42.00 1
28108.00 1
25.00 1
32.00 1
59.00 0
64.00 1
32.00 1
33.00 1
89.00 1
79.00 1
9037.00 1
27.00 1
33.00 1
58.00 0
64.00 1
33.00 1
32.00 1
2.00 0
28.00 1
40.00 0
16581.00 1
25.00 1
59.00 0
34.00 0
33.00 0
64.00 1
33.00 1
89.00 1
52.00 0
40.00 0
97521.00 1
25.00 1
33.00 1
58.00 0
64.00 1
32.00 1
33.00 1
89.00 1
79.00 1
10533.00 1
24.00 1
33.00 1
58.00 0
64.00 1
33.00 1
32.00 1
89.00 1
48.00 0
64.00 1
216.00 1
38.00 1
26.00 1
45725.00 1
25.00 1
59.00 0
34.00 0
33.00 0
64.00 1
33.00 1
89.00 1
52.00 0
230.00 1
54.00 1
10.00 0
82.00 1
70.00 1
274.00 1
41.00 1
29.00 1
5668.00 1
28.00 1
33.00 1
58.00 0
64.00 1
32.00 1
33.00 1
88.00 1
53.00 0
9202.00 1
28.00 1
32.00 1
59.00 0
64.00 1
32.00 1
33.00 1
89.00 1
53.00 0
69.00 1
17051.00 1
25.00 1
58.00 0
34.00 0
33.00 0
64.00 1
33.00 1
89.00 1
51.00 0
39.00 0
28590.00 1
25.00 1
59.00 0
33.00 0
33.00 0
64.00 1
33.00 1
89.00 1
51.00 0
229.00 1
54.00 1
41.00 1
82.00 1
70.00 1
274.00 1
41.00 1
29.00 1
11349.00 1
25.00 1
32.00 1
59.00 0
64.00 1
32.00 1
33.00 1
88.00 1
79.00 1
7410.00 1
28.00 1
32.00 1
59.00 0
63.00 1
33.00 1
33.00 1
88.00 1
53.00 0
69.00 1
17467.00 1
25.00 1
59.00 0
34.00 0
33.00 0
64.00 1
33.00 1
89.00 1
52.00 0
40.00 0
36796.00 1
25.00 1
59.00 0
33.00 0
33.00 0
64.00 1
33.00 1
2.00 0
53.00 0
289.00 1
54.00 1
11.00 0
138.00 1
70.00 1
275.00 1
41.00 1
29.00 1
8730.00 1
27.00 1
33.00 1
58.00 0
64.00 1
33.00 1
32.00 1
89.00 1
52.00 0
7525.00 1
27.00 1
33.00 1
58.00 0
64.00 1
33.00 1
33.00 1
88.00 1
53.00 0
12.00 0
19975.00 1
25.00 1
59.00 0
33.00 0
34.00 0
64.00 1
33.00 1
88.00 1
52.00 0
40.00 0
32673.00 1
25.00 1
59.00 0
33.00 0
33.00 0
64.00 1
33.00 1
89.00 1
52.00 0
229.00 1
54.00 1
42.00 1
82.00 1
40.00 0
165.00 1
9.00 0
57.00 0
7262.00 1
27.00 1
33.00 1
58.00 0
64.00 1
33.00 1
32.00 1
89.00 1
52.00 0
7415.00 1
27.00 1
33.00 1
58.00 0
64.00 1
32.00 1
33.00 1
89.00 1
52.00 0
12.00 0
17416.00 1
25.00 1
58.00 0
34.00 0
33.00 0
64.00 1
33.00 1
89.00 1
51.00 0
39.00 0
28543.00 1
24.00 1
60.00 0
33.00 0
33.00 0
64.00 1
33.00 1
89.00 1
51.00 0
229.00 1
53.00 1
9.00 0
26.00 1
14.00 1
220.00 1
42.00 1
57.00 0
15947.00 1
25.00 1
32.00 1
59.00 0
63.00 1
33.00 1
33.00 1
88.00 1
78.00 1
5871.00 1
28.00 1
32.00 1
59.00 0
64.00 1
32.00 1
33.00 1
88.00 1
52.00 0
11.00 0
18671.00 1
25.00 1
59.00 0
33.00 0
33.00 0
64.00 1
33.00 1
89.00 1
51.00 0
39.00 0
40816.00 1
25.00 1
59.00 0
33.00 0
33.00 0
64.00 1
33.00 1
89.00 1
51.00 0
229.00 1
53.00 1
41.00 1
82.00 1
40.00 0
165.00 1
10.00 0
6511.00 1
28.00 1
33.00 1
58.00 0
64.00 1
32.00 1
33.00 1
89.00 1
53.00 0
7580.00 1
27.00 1
33.00 1
58.00 0
64.00 1
33.00 1
32.00 1
89.00 1
52.00 0
12.00 0
18358.00 1
25.00 1
59.00 0
33.00 0
34.00 0
64.00 1
33.00 1
89.00 1
52.00 0
40.00 0
32721.00 1
25.00 1
59.00 0
33.00 0
34.00 0
64.00 1
32.00 1
2.00 0
53.00 0
289.00 1
54.00 1
11.00 0
27.00 1
15.00 1
220.00 1
42.00 1
58.00 0
45673.00 1
81.00 1
59.00 0
33.00 0
64.00 1
33.00 1
89.00 1
59.00 0
64.00 1
5