0100100101010011011
01000110100100101000010
01000110100100100100010
01000110100100101100011
01000110100100100010010
01000110100100101010011011
01000110100100101000010
01000110100100100100010
01000110100100101100011
01000110100100100010010
01000110100100101010011
01000110100100100001010
11001110100101001011100001101000101
10000110100100010100100110000110100000011101000110100100100001010
01000110100100101110010
01000110100100100110011
01000110100100100010010
01000110100100101100011
01000110100100101000010
01000110100100100000011
01000110100100100001100
01000110100100101110100
01000110100100101010101
01000110100100100010100
01000110100100100100100
01000110100100101000100
010001101001001010010
010001101001001000011
010001101001001001100
010001101001001000101
1100111010010101100
010001101001001000101
10000110100100010100100110000110100000011
0100011010000010110100011010010010100110100
0100011010010010001010101
0100011010010010000010100
0100011010010010011000101
0100011010010010010000100
01000110100100101110111
01000110100100101100110
01000110100100101001011
01000110100100101010011
01000110100100100000011
11001110100
100001101001000100001011100001101000000110010100011010001100101101000110100000101101000110100100100100100
01000110100100101100101
01000110100100100010100
01000110100100101010101