
010001101001001010100
010001101001001001100
010001101001001011101
01000110100100100000101
01000110100100101000100
01000110100100100100100
1100111010011
1000011010000001010
110011101000110100100
100001101000000100100
100001101000000110010100011010001100011101000110100000101101000110100100100
0100011010010010101
1100111010011
1100111010001101111
100001101000000100100
100001101000000110010100011010001101100101000110100000101101000110100100100
1100111010011
110011101000110101011000011010000001010
100001101000000100100
100001101000000110010100011010001100101101000110100000101101000110100100100
0100011010010010101